<?xml version="1.0" encoding="UTF-8"?>
<testsuite xmlns:xsi="http://www.w3.org/2001/XMLSchema-instance" xsi:noNamespaceSchemaLocation="https://maven.apache.org/surefire/maven-surefire-plugin/xsd/surefire-test-report.xsd" name="com.cognizant.authorizationService.service.AdminDetailsServiceTest" time="5.26" tests="4" errors="2" skipped="0" failures="0">
  <properties>
[...]
</properties>
  <testcase name="getUserDataById" classname="com.cognizant.authorizationService.service.AdminDetailsServiceTest" time="0.511">
    <error message="No value present" type="java.util.NoSuchElementException">java.util.NoSuchElementException: No value present
	at com.cognizant.authorizationService.service.AdminDetailsServiceTest.getUserDataById(AdminDetailsServiceTest.java:44)
</error>
    <system-out><![CDATA[2022-11-21 20:30:46.362  INFO 41568 --- [           main] .b.t.c.SpringBootTestContextBootstrapper : Neither @ContextConfiguration nor @ContextHierarchy found for test class [com.cognizant.authorizationService.service.AdminDetailsServiceTest], using SpringBootContextLoader
2022-11-21 20:30:46.364  INFO 41568 --- [           main] o.s.t.c.support.AbstractContextLoader    : Could not detect default resource locations for test class [com.cognizant.authorizationService.service.AdminDetailsServiceTest]: no resource found for suffixes {-context.xml, Context.groovy}.
2022-11-21 20:30:46.367  INFO 41568 --- [           main] t.c.s.AnnotationConfigContextLoaderUtils : Could not detect default configuration classes for test class [com.cognizant.authorizationService.service.AdminDetailsServiceTest]: AdminDetailsServiceTest does not declare any static, non-private, non-final, nested classes annotated with @Configuration.
2022-11-21 20:30:46.464  INFO 41568 --- [           main] .b.t.c.SpringBootTestContextBootstrapper : Found @SpringBootConfiguration com.cognizant.authorizationService.AuthorizationServiceApplication for test class com.cognizant.authorizationService.service.AdminDetailsServiceTest
2022-11-21 20:30:46.481  INFO 41568 --- [           main] .b.t.c.SpringBootTestContextBootstrapper : Loaded default TestExecutionListener class names from location [META-INF/spring.factories]: [org.springframework.boot.test.mock.mockito.MockitoTestExecutionListener, org.springframework.boot.test.mock.mockito.ResetMocksTestExecutionListener, org.springframework.boot.test.autoconfigure.restdocs.RestDocsTestExecutionListener, org.springframework.boot.test.autoconfigure.web.client.MockRestServiceServerResetTestExecutionListener, org.springframework.boot.test.autoconfigure.web.servlet.MockMvcPrintOnlyOnFailureTestExecutionListener, org.springframework.boot.test.autoconfigure.web.servlet.WebDriverTestExecutionListener, org.springframework.boot.test.autoconfigure.webservices.client.MockWebServiceServerTestExecutionListener, org.springframework.test.context.web.ServletTestExecutionListener, org.springframework.test.context.support.DirtiesContextBeforeModesTestExecutionListener, org.springframework.test.context.event.ApplicationEventsTestExecutionListener, org.springframework.test.context.support.DependencyInjectionTestExecutionListener, org.springframework.test.context.support.DirtiesContextTestExecutionListener, org.springframework.test.context.transaction.TransactionalTestExecutionListener, org.springframework.test.context.jdbc.SqlScriptsTestExecutionListener, org.springframework.test.context.event.EventPublishingTestExecutionListener, org.springframework.security.test.context.support.WithSecurityContextTestExecutionListener, org.springframework.security.test.context.support.ReactorContextTestExecutionListener]
2022-11-21 20:30:46.513  INFO 41568 --- [           main] .b.t.c.SpringBootTestContextBootstrapper : Using TestExecutionListeners: [org.springframework.test.context.web.ServletTestExecutionListener@4b1ef6a, org.springframework.test.context.support.DirtiesContextBeforeModesTestExecutionListener@57596d71, org.springframework.test.context.event.ApplicationEventsTestExecutionListener@1c12f0f4, org.springframework.boot.test.mock.mockito.MockitoTestExecutionListener@149bdb4e, org.springframework.boot.test.autoconfigure.SpringBootDependencyInjectionTestExecutionListener@1f5aac08, org.springframework.test.context.support.DirtiesContextTestExecutionListener@3747877, org.springframework.test.context.transaction.TransactionalTestExecutionListener@86abdbd, org.springframework.test.context.jdbc.SqlScriptsTestExecutionListener@42e14655, org.springframework.test.context.event.EventPublishingTestExecutionListener@81198ed, org.springframework.security.test.context.support.WithSecurityContextTestExecutionListener@2806fe58, org.springframework.security.test.context.support.ReactorContextTestExecutionListener@755c29b0, org.springframework.boot.test.mock.mockito.ResetMocksTestExecutionListener@3dc70aa0, org.springframework.boot.test.autoconfigure.restdocs.RestDocsTestExecutionListener@39153b05, org.springframework.boot.test.autoconfigure.web.client.MockRestServiceServerResetTestExecutionListener@26fee641, org.springframework.boot.test.autoconfigure.web.servlet.MockMvcPrintOnlyOnFailureTestExecutionListener@32fb4a87, org.springframework.boot.test.autoconfigure.web.servlet.WebDriverTestExecutionListener@37ecc472, org.springframework.boot.test.autoconfigure.webservices.client.MockWebServiceServerTestExecutionListener@27311c99]

  .   ____          _            __ _ _
 /\\ / ___'_ __ _ _(_)_ __  __ _ \ \ \ \
( ( )\___ | '_ | '_| | '_ \/ _` | \ \ \ \
 \\/  ___)| |_)| | | | | || (_| |  ) ) ) )
  '  |____| .__|_| |_|_| |_\__, | / / / /
 =========|_|==============|___/=/_/_/_/
 :: Spring Boot ::                (v2.4.3)

2022-11-21 20:30:46.769  INFO 41568 --- [           main] c.c.a.service.AdminDetailsServiceTest    : Starting AdminDetailsServiceTest using Java 17.0.4.1 on LTIN316623 with PID 41568 (started by 2209120 in C:\Users\2209120\Desktop\Pr_Login\Backend\authorizationService)
2022-11-21 20:30:46.770  INFO 41568 --- [           main] c.c.a.service.AdminDetailsServiceTest    : No active profile set, falling back to default profiles: default
2022-11-21 20:30:47.706  INFO 41568 --- [           main] .s.d.r.c.RepositoryConfigurationDelegate : Bootstrapping Spring Data JPA repositories in DEFAULT mode.
2022-11-21 20:30:47.761  INFO 41568 --- [           main] .s.d.r.c.RepositoryConfigurationDelegate : Finished Spring Data repository scanning in 54 ms. Found 1 JPA repository interfaces.
2022-11-21 20:30:47.936  INFO 41568 --- [           main] o.s.cloud.context.scope.GenericScope     : BeanFactory id=1b09a5ed-4d6a-3d06-be4e-a926ae31f1d5
2022-11-21 20:30:48.475  INFO 41568 --- [           main] o.hibernate.jpa.internal.util.LogHelper  : HHH000204: Processing PersistenceUnitInfo [name: default]
2022-11-21 20:30:48.512  INFO 41568 --- [           main] com.zaxxer.hikari.HikariDataSource       : HikariPool-2 - Starting...
2022-11-21 20:30:48.513  WARN 41568 --- [           main] com.zaxxer.hikari.util.DriverDataSource  : Registered driver with driverClassName=com.mysql.jdbc.Driver was not found, trying direct instantiation.
2022-11-21 20:30:48.565  INFO 41568 --- [           main] com.zaxxer.hikari.HikariDataSource       : HikariPool-2 - Start completed.
2022-11-21 20:30:48.566  INFO 41568 --- [           main] org.hibernate.dialect.Dialect            : HHH000400: Using dialect: org.hibernate.dialect.MySQL8Dialect
2022-11-21 20:30:48.654  INFO 41568 --- [           main] o.h.e.t.j.p.i.JtaPlatformInitiator       : HHH000490: Using JtaPlatform implementation: [org.hibernate.engine.transaction.jta.platform.internal.NoJtaPlatform]
2022-11-21 20:30:48.655  INFO 41568 --- [           main] j.LocalContainerEntityManagerFactoryBean : Initialized JPA EntityManagerFactory for persistence unit 'default'
2022-11-21 20:30:48.828  WARN 41568 --- [           main] JpaBaseConfiguration$JpaWebConfiguration : spring.jpa.open-in-view is enabled by default. Therefore, database queries may be performed during view rendering. Explicitly configure spring.jpa.open-in-view to disable this warning
2022-11-21 20:30:49.805  INFO 41568 --- [           main] c.c.a.SecurityConfigurer                 : START
2022-11-21 20:30:49.805  INFO 41568 --- [           main] c.c.a.SecurityConfigurer                 : END
2022-11-21 20:30:49.825  INFO 41568 --- [           main] c.c.a.SecurityConfigurer                 : START
2022-11-21 20:30:49.826  INFO 41568 --- [           main] c.c.a.SecurityConfigurer                 : END
2022-11-21 20:30:49.826  INFO 41568 --- [           main] c.c.a.SecurityConfigurer                 : START
2022-11-21 20:30:49.826  INFO 41568 --- [           main] c.c.a.SecurityConfigurer                 : END
2022-11-21 20:30:49.826  INFO 41568 --- [           main] o.s.s.web.DefaultSecurityFilterChain     : Will secure Ant [pattern='/authapp/login'] with []
2022-11-21 20:30:49.826  INFO 41568 --- [           main] o.s.s.web.DefaultSecurityFilterChain     : Will secure Ant [pattern='/h2-console/**'] with []
2022-11-21 20:30:49.826  INFO 41568 --- [           main] o.s.s.web.DefaultSecurityFilterChain     : Will secure Ant [pattern='/v2/api-docs'] with []
2022-11-21 20:30:49.827  INFO 41568 --- [           main] o.s.s.web.DefaultSecurityFilterChain     : Will secure Ant [pattern='/configuration/ui'] with []
2022-11-21 20:30:49.827  INFO 41568 --- [           main] o.s.s.web.DefaultSecurityFilterChain     : Will secure Ant [pattern='/configuration/security'] with []
2022-11-21 20:30:49.827  INFO 41568 --- [           main] o.s.s.web.DefaultSecurityFilterChain     : Will secure Ant [pattern='/webjars/**'] with []
2022-11-21 20:30:49.979  INFO 41568 --- [           main] o.s.s.web.DefaultSecurityFilterChain     : Will secure any request with [org.springframework.security.web.context.request.async.WebAsyncManagerIntegrationFilter@578a12e9, org.springframework.security.web.context.SecurityContextPersistenceFilter@1361b39a, org.springframework.security.web.header.HeaderWriterFilter@2836374, org.springframework.security.web.authentication.logout.LogoutFilter@71d4b83b, org.springframework.security.web.savedrequest.RequestCacheAwareFilter@69a61267, org.springframework.security.web.servletapi.SecurityContextHolderAwareRequestFilter@795ef208, org.springframework.security.web.authentication.AnonymousAuthenticationFilter@798ceea2, org.springframework.security.web.session.SessionManagementFilter@78a03662, org.springframework.security.web.access.ExceptionTranslationFilter@3c9e169f, org.springframework.security.web.access.intercept.FilterSecurityInterceptor@5259469d]
2022-11-21 20:30:50.007  INFO 41568 --- [           main] c.c.a.SecurityConfigurer                 : START
2022-11-21 20:30:50.007  INFO 41568 --- [           main] c.c.a.SecurityConfigurer                 : END
2022-11-21 20:30:50.072  INFO 41568 --- [           main] pertySourcedRequestMappingHandlerMapping : Mapped URL path [/v2/api-docs] onto method [springfox.documentation.swagger2.web.Swagger2Controller#getDocumentation(String, HttpServletRequest)]
2022-11-21 20:30:50.401  INFO 41568 --- [           main] o.s.s.concurrent.ThreadPoolTaskExecutor  : Initializing ExecutorService 'applicationTaskExecutor'
2022-11-21 20:30:51.091  INFO 41568 --- [           main] d.s.w.p.DocumentationPluginsBootstrapper : Context refreshed
2022-11-21 20:30:51.093  INFO 41568 --- [           main] d.s.w.p.DocumentationPluginsBootstrapper : Found 1 custom documentation plugin(s)
2022-11-21 20:30:51.103  INFO 41568 --- [           main] s.d.s.w.s.ApiListingReferenceScanner     : Scanning for api listing references
2022-11-21 20:30:51.135  INFO 41568 --- [           main] c.c.a.service.AdminDetailsServiceTest    : Started AdminDetailsServiceTest in 4.602 seconds (JVM running for 19.155)
2022-11-21 20:30:51.507  INFO 41568 --- [           main] c.c.a.service.AdminDetailsService        : START-END-getUserDataById
Hibernate: select userdata0_.user_name as user_nam1_0_0_, userdata0_.auth_token as auth_tok2_0_0_, userdata0_.message as message3_0_0_, userdata0_.user_password as user_pas4_0_0_, userdata0_.user_id as user_id5_0_0_ from userdata userdata0_ where userdata0_.user_name=?
]]></system-out>
  </testcase>
  <testcase name="loadUserByUsernameTestSuccess" classname="com.cognizant.authorizationService.service.AdminDetailsServiceTest" time="0.007">
    <error message="UsernameNotFoundException" type="org.springframework.security.core.userdetails.UsernameNotFoundException">org.springframework.security.core.userdetails.UsernameNotFoundException: UsernameNotFoundException
	at com.cognizant.authorizationService.service.AdminDetailsServiceTest.loadUserByUsernameTestSuccess(AdminDetailsServiceTest.java:31)
</error>
    <system-out><![CDATA[2022-11-21 20:30:51.682  INFO 41568 --- [           main] c.c.a.service.AdminDetailsService        : START
Hibernate: select userdata0_.user_name as user_nam1_0_0_, userdata0_.auth_token as auth_tok2_0_0_, userdata0_.message as message3_0_0_, userdata0_.user_password as user_pas4_0_0_, userdata0_.user_id as user_id5_0_0_ from userdata userdata0_ where userdata0_.user_name=?
2022-11-21 20:30:51.690  INFO 41568 --- [           main] c.c.a.service.AdminDetailsService        : END - UsernameNotFound
2022-11-21 20:30:51.691  INFO 41568 --- [           main] c.c.a.service.AdminDetailsService        : EXCEPTION - UsernameNotFoundException
]]></system-out>
  </testcase>
  <testcase name="loadUserByUsernameTestFail" classname="com.cognizant.authorizationService.service.AdminDetailsServiceTest" time="0.023"/>
  <testcase name="contextLoads" classname="com.cognizant.authorizationService.service.AdminDetailsServiceTest" time="0.009"/>
</testsuite>